Build started 4/10/2014 12:08:25 PM.
     1>Project "C:\Users\Tim\Documents\Emilia\githubRepos\Senior-Design-Micromouse\Code\VirtualSim\project\project\project.vcxproj" on node 2 (build target(s)).
     1>InitializeBuildStatus:
         Creating "Debug\project.unsuccessfulbuild" because "AlwaysCreate" was specified.
       ClCompile:
         c:\Program Files (x86)\Microsoft Visual Studio 10.0\VC\bin\CL.exe /c /ZI /nologo /W3 /WX- /Od /Oy- /D _MBCS /Gm /EHsc /RTC1 /MDd /GS /fp:precise /Zc:wchar_t /Zc:forScope /Fo"Debug\\" /Fd"Debug\vc100.pdb" /Gd /TP /analyze- /errorReport:prompt ..\..\maze.cpp
         maze.cpp
     1>c:\users\tim\documents\emilia\githubrepos\senior-design-micromouse\code\virtualsim\maze.cpp(31): warning C4101: 'k' : unreferenced local variable
       Link:
         c:\Program Files (x86)\Microsoft Visual Studio 10.0\VC\bin\link.exe /ERRORREPORT:PROMPT /OUT:"C:\Users\Tim\Documents\Emilia\githubRepos\Senior-Design-Micromouse\Code\VirtualSim\project\Debug\project.exe" /NOLOGO kernel32.lib user32.lib gdi32.lib winspool.lib comdlg32.lib advapi32.lib shell32.lib ole32.lib oleaut32.lib uuid.lib odbc32.lib odbccp32.lib /MANIFEST /ManifestFile:"Debug\project.exe.intermediate.manifest" /MANIFESTUAC:"level='asInvoker' uiAccess='false'" /DEBUG /PDB:"C:\Users\Tim\Documents\Emilia\githubRepos\Senior-Design-Micromouse\Code\VirtualSim\project\Debug\project.pdb" /TLBID:1 /DYNAMICBASE /NXCOMPAT /IMPLIB:"C:\Users\Tim\Documents\Emilia\githubRepos\Senior-Design-Micromouse\Code\VirtualSim\project\Debug\project.lib" /MACHINE:X86 Debug\ai.obj
         Debug\main.obj
         Debug\maze.obj
         Debug\mouse.obj
         LINK : C:\Users\Tim\Documents\Emilia\githubRepos\Senior-Design-Micromouse\Code\VirtualSim\project\Debug\project.exe not found or not built by the last incremental link; performing full link
         project.vcxproj -> C:\Users\Tim\Documents\Emilia\githubRepos\Senior-Design-Micromouse\Code\VirtualSim\project\Debug\project.exe
       Manifest:
         C:\Program Files (x86)\Microsoft SDKs\Windows\v7.0A\bin\mt.exe /nologo /verbose /outputresource:"C:\Users\Tim\Documents\Emilia\githubRepos\Senior-Design-Micromouse\Code\VirtualSim\project\Debug\project.exe;#1" /manifest Debug\project.exe.intermediate.manifest
       FinalizeBuildStatus:
         Deleting file "Debug\project.unsuccessfulbuild".
         Touching "Debug\project.lastbuildstate".
     1>Done Building Project "C:\Users\Tim\Documents\Emilia\githubRepos\Senior-Design-Micromouse\Code\VirtualSim\project\project\project.vcxproj" (build target(s)).

Build succeeded.

Time Elapsed 00:00:01.05
