C:\USERS\DEVIN\DOCUMENTS\GITHUB\SENIOR-DESIGN-MICROMOUSE\CODE\VIRTUALSIM\PROJECT\DEBUG\PROJECT.EXE
C:\USERS\DEVIN\DOCUMENTS\GITHUB\SENIOR-DESIGN-MICROMOUSE\CODE\VIRTUALSIM\PROJECT\DEBUG\PROJECT.ILK
C:\USERS\DEVIN\DOCUMENTS\GITHUB\SENIOR-DESIGN-MICROMOUSE\CODE\VIRTUALSIM\PROJECT\DEBUG\PROJECT.PDB
C:\USERS\DEVIN\DOCUMENTS\GITHUB\SENIOR-DESIGN-MICROMOUSE\CODE\VIRTUALSIM\PROJECT\PROJECT\DEBUG\AI.OBJ
C:\Users\Devin\Documents\GitHub\Senior-Design-Micromouse\code\VirtualSim\project\project\Debug\cl.command.1.tlog
C:\Users\Devin\Documents\GitHub\Senior-Design-Micromouse\code\VirtualSim\project\project\Debug\CL.read.1.tlog
C:\Users\Devin\Documents\GitHub\Senior-Design-Micromouse\code\VirtualSim\project\project\Debug\CL.write.1.tlog
C:\Users\Devin\Documents\GitHub\Senior-Design-Micromouse\code\VirtualSim\project\project\Debug\link.command.1.tlog
C:\Users\Devin\Documents\GitHub\Senior-Design-Micromouse\code\VirtualSim\project\project\Debug\link.read.1.tlog
C:\Users\Devin\Documents\GitHub\Senior-Design-Micromouse\code\VirtualSim\project\project\Debug\link.write.1.tlog
C:\USERS\DEVIN\DOCUMENTS\GITHUB\SENIOR-DESIGN-MICROMOUSE\CODE\VIRTUALSIM\PROJECT\PROJECT\DEBUG\MAIN.OBJ
C:\USERS\DEVIN\DOCUMENTS\GITHUB\SENIOR-DESIGN-MICROMOUSE\CODE\VIRTUALSIM\PROJECT\PROJECT\DEBUG\MAZE.OBJ
C:\USERS\DEVIN\DOCUMENTS\GITHUB\SENIOR-DESIGN-MICROMOUSE\CODE\VIRTUALSIM\PROJECT\PROJECT\DEBUG\MOUSE.OBJ
C:\Users\Devin\Documents\GitHub\Senior-Design-Micromouse\code\VirtualSim\project\project\Debug\mt.command.1.tlog
C:\Users\Devin\Documents\GitHub\Senior-Design-Micromouse\code\VirtualSim\project\project\Debug\mt.read.1.tlog
C:\Users\Devin\Documents\GitHub\Senior-Design-Micromouse\code\VirtualSim\project\project\Debug\mt.write.1.tlog
C:\USERS\DEVIN\DOCUMENTS\GITHUB\SENIOR-DESIGN-MICROMOUSE\CODE\VIRTUALSIM\PROJECT\PROJECT\DEBUG\PROJECT.EXE.INTERMEDIATE.MANIFEST
C:\Users\Devin\Documents\GitHub\Senior-Design-Micromouse\code\VirtualSim\project\project\Debug\project.vcxprojResolveAssemblyReference.cache
C:\Users\Devin\Documents\GitHub\Senior-Design-Micromouse\code\VirtualSim\project\project\Debug\project.write.1.tlog
C:\Users\Devin\Documents\GitHub\Senior-Design-Micromouse\code\VirtualSim\project\project\Debug\vc100.idb
C:\USERS\DEVIN\DOCUMENTS\GITHUB\SENIOR-DESIGN-MICROMOUSE\CODE\VIRTUALSIM\PROJECT\PROJECT\DEBUG\VC100.PDB
C:\USERS\TIM\DOCUMENTS\EMILIA\GITHUBREPOS\SENIOR-DESIGN-MICROMOUSE\CODE\VIRTUALSIM\PROJECT\DEBUG\PROJECT.EXE
C:\USERS\TIM\DOCUMENTS\EMILIA\GITHUBREPOS\SENIOR-DESIGN-MICROMOUSE\CODE\VIRTUALSIM\PROJECT\DEBUG\PROJECT.ILK
C:\USERS\TIM\DOCUMENTS\EMILIA\GITHUBREPOS\SENIOR-DESIGN-MICROMOUSE\CODE\VIRTUALSIM\PROJECT\DEBUG\PROJECT.PDB
C:\USERS\TIM\DOCUMENTS\EMILIA\GITHUBREPOS\SENIOR-DESIGN-MICROMOUSE\CODE\VIRTUALSIM\PROJECT\PROJECT\DEBUG\AI.OBJ
C:\USERS\TIM\DOCUMENTS\EMILIA\GITHUBREPOS\SENIOR-DESIGN-MICROMOUSE\CODE\VIRTUALSIM\PROJECT\PROJECT\DEBUG\MAIN.OBJ
C:\USERS\TIM\DOCUMENTS\EMILIA\GITHUBREPOS\SENIOR-DESIGN-MICROMOUSE\CODE\VIRTUALSIM\PROJECT\PROJECT\DEBUG\MAZE.OBJ
C:\USERS\TIM\DOCUMENTS\EMILIA\GITHUBREPOS\SENIOR-DESIGN-MICROMOUSE\CODE\VIRTUALSIM\PROJECT\PROJECT\DEBUG\MOUSE.OBJ
C:\USERS\TIM\DOCUMENTS\EMILIA\GITHUBREPOS\SENIOR-DESIGN-MICROMOUSE\CODE\VIRTUALSIM\PROJECT\PROJECT\DEBUG\PROJECT.EXE.INTERMEDIATE.MANIFEST
C:\USERS\TIM\DOCUMENTS\EMILIA\GITHUBREPOS\SENIOR-DESIGN-MICROMOUSE\CODE\VIRTUALSIM\PROJECT\PROJECT\DEBUG\VC100.PDB
